[17:34:12]webserver start at port: 1234
[17:34:26]new connection!: 3 usernum: 0
[17:34:26]unknown header:User-Agent: PostmanRuntime/7.29.0
[17:34:26]unknown header:Accept: */*
[17:34:26]unknown header:Cache-Control: no-cache
[17:34:26]unknown header:Postman-Token: 2c383a9e-23fa-46f7-865f-4e8a0cd1b64a
[17:34:26]unknown header:Accept-Encoding: gzip, deflate, br
[17:34:36]time out, client8disconnect, usernum: 1
[20:08:55]webserver start at port: 1234
[20:08:55]new connection!: 3 usernum: 0
[20:08:55]unknown header:User-Agent: PostmanRuntime/7.29.0
[20:08:55]unknown header:Accept: */*
[20:08:55]unknown header:Cache-Control: no-cache
[20:08:55]unknown header:Postman-Token: ab3cd1bd-aaff-4772-970e-b7d4a4110238
[20:08:55]unknown header:Accept-Encoding: gzip, deflate, br
[20:09:04]time out, client: 8 disconnect, usernum: 1
[20:13:07]webserver start at port: 1234
[20:13:07]new connection!: 3 usernum: 0
[20:13:07]unknown header:User-Agent: PostmanRuntime/7.29.0
[20:13:07]unknown header:Accept: */*
[20:13:07]unknown header:Cache-Control: no-cache
[20:13:07]unknown header:Postman-Token: 43531307-5b58-4ddd-bb6d-e4e4255bd07a
[20:13:07]unknown header:Accept-Encoding: gzip, deflate, br
[20:13:18]time out, client: 8 disconnect, usernum: 1
